2015-11-05 17:40:44,481 - kafka.client - DEBUG - Request 1: []
2015-11-05 17:40:44,482 - kafka.conn - DEBUG - Reinitializing socket connection for localhost:9092
2015-11-05 17:40:44,500 - kafka.conn - DEBUG - About to send 30 bytes to Kafka, request 1
2015-11-05 17:40:44,500 - kafka.conn - DEBUG - Reading response 1 from Kafka
2015-11-05 17:40:44,500 - kafka.conn - DEBUG - About to read 4 bytes from Kafka
2015-11-05 17:40:44,501 - kafka.conn - DEBUG - Read 4/4 bytes from Kafka
2015-11-05 17:40:44,501 - kafka.conn - DEBUG - About to read 216 bytes from Kafka
2015-11-05 17:40:44,501 - kafka.conn - DEBUG - Read 216/216 bytes from Kafka
2015-11-05 17:40:44,501 - kafka.client - DEBUG - Response 1: MetadataResponse(brokers=[BrokerMetadata(nodeId=0, host='ip-172-31-50-233.ec2.internal', port=9092)], topics=[TopicMetadata(topic='my-topic', error=0, partitions=[PartitionMetadata(topic='my-topic', partition=0, leader=0, replicas=(0,), isr=(0,), error=0)]), TopicMetadata(topic='product-1', error=0, partitions=[PartitionMetadata(topic='product-1', partition=0, leader=0, replicas=(0,), isr=(0,), error=0)]), TopicMetadata(topic='raw_data', error=0, partitions=[PartitionMetadata(topic='raw_data', partition=0, leader=0, replicas=(0,), isr=(0,), error=0)]), TopicMetadata(topic='test', error=0, partitions=[PartitionMetadata(topic='test', partition=0, leader=0, replicas=(0,), isr=(0,), error=0)])])
2015-11-05 17:40:44,501 - kafka.client - INFO - Updating broker metadata: [BrokerMetadata(nodeId=0, host='ip-172-31-50-233.ec2.internal', port=9092)]
2015-11-05 17:40:44,501 - kafka.client - INFO - Updating topic metadata: [TopicMetadata(topic='my-topic', error=0, partitions=[PartitionMetadata(topic='my-topic', partition=0, leader=0, replicas=(0,), isr=(0,), error=0)]), TopicMetadata(topic='product-1', error=0, partitions=[PartitionMetadata(topic='product-1', partition=0, leader=0, replicas=(0,), isr=(0,), error=0)]), TopicMetadata(topic='raw_data', error=0, partitions=[PartitionMetadata(topic='raw_data', partition=0, leader=0, replicas=(0,), isr=(0,), error=0)]), TopicMetadata(topic='test', error=0, partitions=[PartitionMetadata(topic='test', partition=0, leader=0, replicas=(0,), isr=(0,), error=0)])]
2015-11-05 17:40:44,502 - kafka.client - DEBUG - Request 2: ['product-1']
2015-11-05 17:40:44,502 - kafka.conn - DEBUG - About to send 41 bytes to Kafka, request 2
2015-11-05 17:40:44,502 - kafka.conn - DEBUG - Reading response 2 from Kafka
2015-11-05 17:40:44,502 - kafka.conn - DEBUG - About to read 4 bytes from Kafka
2015-11-05 17:40:44,502 - kafka.conn - DEBUG - Read 4/4 bytes from Kafka
2015-11-05 17:40:44,502 - kafka.conn - DEBUG - About to read 94 bytes from Kafka
2015-11-05 17:40:44,503 - kafka.conn - DEBUG - Read 94/94 bytes from Kafka
2015-11-05 17:40:44,503 - kafka.client - DEBUG - Response 2: MetadataResponse(brokers=[BrokerMetadata(nodeId=0, host='ip-172-31-50-233.ec2.internal', port=9092)], topics=[TopicMetadata(topic='product-1', error=0, partitions=[PartitionMetadata(topic='product-1', partition=0, leader=0, replicas=(0,), isr=(0,), error=0)])])
2015-11-05 17:40:44,503 - kafka.client - INFO - Updating broker metadata: [BrokerMetadata(nodeId=0, host='ip-172-31-50-233.ec2.internal', port=9092)]
2015-11-05 17:40:44,503 - kafka.client - INFO - Updating topic metadata: [TopicMetadata(topic='product-1', error=0, partitions=[PartitionMetadata(topic='product-1', partition=0, leader=0, replicas=(0,), isr=(0,), error=0)])]
2015-11-05 17:40:44,503 - kafka.client - DEBUG - Request 3 to BrokerMetadata(nodeId=0, host='ip-172-31-50-233.ec2.internal', port=9092): [OffsetFetchRequest(topic='product-1', partition=0)]
2015-11-05 17:40:44,504 - kafka.conn - DEBUG - Reinitializing socket connection for ip-172-31-50-233.ec2.internal:9092
2015-11-05 17:40:44,506 - kafka.conn - DEBUG - About to send 61 bytes to Kafka, request 3
2015-11-05 17:40:44,506 - kafka.conn - DEBUG - Reading response 3 from Kafka
2015-11-05 17:40:44,507 - kafka.conn - DEBUG - About to read 4 bytes from Kafka
2015-11-05 17:40:44,508 - kafka.conn - DEBUG - Read 4/4 bytes from Kafka
2015-11-05 17:40:44,508 - kafka.conn - DEBUG - About to read 39 bytes from Kafka
2015-11-05 17:40:44,516 - kafka.conn - DEBUG - Read 39/39 bytes from Kafka
2015-11-05 17:40:44,516 - kafka.client - DEBUG - Response 3: [OffsetFetchResponse(topic='product-1', partition=0, offset=-1, metadata='', error=3)]
2015-11-05 17:40:44,517 - kafka.consumer.simple - DEBUG - internal queue empty, fetching more messages
2015-11-05 17:40:44,517 - kafka.client - DEBUG - Request 4 to BrokerMetadata(nodeId=0, host='ip-172-31-50-233.ec2.internal', port=9092): [FetchRequest(topic='product-1', partition=0, offset=0, max_bytes=4096)]
2015-11-05 17:40:44,517 - kafka.conn - DEBUG - About to send 73 bytes to Kafka, request 4
2015-11-05 17:40:44,518 - kafka.conn - DEBUG - Reading response 4 from Kafka
2015-11-05 17:40:44,518 - kafka.conn - DEBUG - About to read 4 bytes from Kafka
2015-11-05 17:40:44,518 - kafka.conn - DEBUG - Read 4/4 bytes from Kafka
2015-11-05 17:40:44,518 - kafka.conn - DEBUG - About to read 4137 bytes from Kafka
2015-11-05 17:40:44,518 - kafka.conn - DEBUG - Read 4096/4137 bytes from Kafka
2015-11-05 17:40:44,518 - kafka.conn - DEBUG - Read 4137/4137 bytes from Kafka
2015-11-05 17:40:44,518 - kafka.client - DEBUG - Response 4: [FetchResponse(topic='product-1', partition=0, error=0, highwaterMark=40516, messages=<generator object _decode_message_set_iter at 0x124a9b0>)]
2015-11-05 17:40:45,181 - streamparse.storm.component - ERROR - Received EOF while trying to read stdin from Storm, pipe appears to be broken, exiting.
2015-11-05 17:40:45,197 - kafka.consumer - INFO - Committing new offsets for product-1, partitions [0]
2015-11-05 17:40:45,197 - kafka.consumer - DEBUG - Commit offset 48 in SimpleConsumer: group=new_1group, topic=product-1, partition=0
2015-11-05 17:40:45,197 - kafka.client - DEBUG - Request 5 to BrokerMetadata(nodeId=0, host='ip-172-31-50-233.ec2.internal', port=9092): [OffsetCommitRequest(topic='product-1', partition=0, offset=48, metadata=None)]
2015-11-05 17:40:45,197 - kafka.conn - DEBUG - About to send 71 bytes to Kafka, request 5
2015-11-05 17:40:45,197 - kafka.conn - DEBUG - Reading response 5 from Kafka
2015-11-05 17:40:45,197 - kafka.conn - DEBUG - About to read 4 bytes from Kafka
2015-11-05 17:40:45,210 - kafka.conn - DEBUG - Read 4/4 bytes from Kafka
2015-11-05 17:40:45,211 - kafka.conn - DEBUG - About to read 29 bytes from Kafka
2015-11-05 17:40:45,211 - kafka.conn - DEBUG - Read 29/29 bytes from Kafka
2015-11-05 17:40:45,211 - kafka.client - DEBUG - Response 5: [OffsetCommitResponse(topic='product-1', partition=0, error=0)]
