2015-11-05 17:05:26,541 - kafka.client - DEBUG - Request 1: []
2015-11-05 17:05:26,541 - kafka.conn - DEBUG - Reinitializing socket connection for localhost:9092
2015-11-05 17:05:26,602 - kafka.conn - DEBUG - About to send 30 bytes to Kafka, request 1
2015-11-05 17:05:26,603 - kafka.conn - DEBUG - Reading response 1 from Kafka
2015-11-05 17:05:26,603 - kafka.conn - DEBUG - About to read 4 bytes from Kafka
2015-11-05 17:05:26,603 - kafka.conn - DEBUG - Read 4/4 bytes from Kafka
2015-11-05 17:05:26,603 - kafka.conn - DEBUG - About to read 216 bytes from Kafka
2015-11-05 17:05:26,603 - kafka.conn - DEBUG - Read 216/216 bytes from Kafka
2015-11-05 17:05:26,603 - kafka.client - DEBUG - Response 1: MetadataResponse(brokers=[BrokerMetadata(nodeId=0, host='ip-172-31-50-233.ec2.internal', port=9092)], topics=[TopicMetadata(topic='my-topic', error=0, partitions=[PartitionMetadata(topic='my-topic', partition=0, leader=0, replicas=(0,), isr=(0,), error=0)]), TopicMetadata(topic='product-1', error=0, partitions=[PartitionMetadata(topic='product-1', partition=0, leader=0, replicas=(0,), isr=(0,), error=0)]), TopicMetadata(topic='raw_data', error=0, partitions=[PartitionMetadata(topic='raw_data', partition=0, leader=0, replicas=(0,), isr=(0,), error=0)]), TopicMetadata(topic='test', error=0, partitions=[PartitionMetadata(topic='test', partition=0, leader=0, replicas=(0,), isr=(0,), error=0)])])
2015-11-05 17:05:26,604 - kafka.client - INFO - Updating broker metadata: [BrokerMetadata(nodeId=0, host='ip-172-31-50-233.ec2.internal', port=9092)]
2015-11-05 17:05:26,604 - kafka.client - INFO - Updating topic metadata: [TopicMetadata(topic='my-topic', error=0, partitions=[PartitionMetadata(topic='my-topic', partition=0, leader=0, replicas=(0,), isr=(0,), error=0)]), TopicMetadata(topic='product-1', error=0, partitions=[PartitionMetadata(topic='product-1', partition=0, leader=0, replicas=(0,), isr=(0,), error=0)]), TopicMetadata(topic='raw_data', error=0, partitions=[PartitionMetadata(topic='raw_data', partition=0, leader=0, replicas=(0,), isr=(0,), error=0)]), TopicMetadata(topic='test', error=0, partitions=[PartitionMetadata(topic='test', partition=0, leader=0, replicas=(0,), isr=(0,), error=0)])]
2015-11-05 17:05:26,604 - kafka.client - DEBUG - Request 2: ['product-1']
2015-11-05 17:05:26,604 - kafka.conn - DEBUG - About to send 41 bytes to Kafka, request 2
2015-11-05 17:05:26,604 - kafka.conn - DEBUG - Reading response 2 from Kafka
2015-11-05 17:05:26,604 - kafka.conn - DEBUG - About to read 4 bytes from Kafka
2015-11-05 17:05:26,605 - kafka.conn - DEBUG - Read 4/4 bytes from Kafka
2015-11-05 17:05:26,605 - kafka.conn - DEBUG - About to read 94 bytes from Kafka
2015-11-05 17:05:26,605 - kafka.conn - DEBUG - Read 94/94 bytes from Kafka
2015-11-05 17:05:26,605 - kafka.client - DEBUG - Response 2: MetadataResponse(brokers=[BrokerMetadata(nodeId=0, host='ip-172-31-50-233.ec2.internal', port=9092)], topics=[TopicMetadata(topic='product-1', error=0, partitions=[PartitionMetadata(topic='product-1', partition=0, leader=0, replicas=(0,), isr=(0,), error=0)])])
2015-11-05 17:05:26,605 - kafka.client - INFO - Updating broker metadata: [BrokerMetadata(nodeId=0, host='ip-172-31-50-233.ec2.internal', port=9092)]
2015-11-05 17:05:26,605 - kafka.client - INFO - Updating topic metadata: [TopicMetadata(topic='product-1', error=0, partitions=[PartitionMetadata(topic='product-1', partition=0, leader=0, replicas=(0,), isr=(0,), error=0)])]
2015-11-05 17:05:26,620 - kafka.client - DEBUG - Request 3 to BrokerMetadata(nodeId=0, host='ip-172-31-50-233.ec2.internal', port=9092): [OffsetFetchRequest(topic='product-1', partition=0)]
2015-11-05 17:05:26,620 - kafka.conn - DEBUG - Reinitializing socket connection for ip-172-31-50-233.ec2.internal:9092
2015-11-05 17:05:26,621 - kafka.conn - DEBUG - About to send 59 bytes to Kafka, request 3
2015-11-05 17:05:26,621 - kafka.conn - DEBUG - Reading response 3 from Kafka
2015-11-05 17:05:26,622 - kafka.conn - DEBUG - About to read 4 bytes from Kafka
2015-11-05 17:05:26,623 - kafka.conn - DEBUG - Read 4/4 bytes from Kafka
2015-11-05 17:05:26,623 - kafka.conn - DEBUG - About to read 39 bytes from Kafka
2015-11-05 17:05:26,623 - kafka.conn - DEBUG - Read 39/39 bytes from Kafka
2015-11-05 17:05:26,634 - kafka.client - DEBUG - Response 3: [OffsetFetchResponse(topic='product-1', partition=0, offset=-1, metadata='', error=3)]
2015-11-05 17:05:26,634 - kafka.consumer.simple - DEBUG - internal queue empty, fetching more messages
2015-11-05 17:05:26,634 - kafka.client - DEBUG - Request 4 to BrokerMetadata(nodeId=0, host='ip-172-31-50-233.ec2.internal', port=9092): [FetchRequest(topic='product-1', partition=0, offset=0, max_bytes=4096)]
2015-11-05 17:05:26,634 - kafka.conn - DEBUG - About to send 73 bytes to Kafka, request 4
2015-11-05 17:05:26,635 - kafka.conn - DEBUG - Reading response 4 from Kafka
2015-11-05 17:05:26,635 - kafka.conn - DEBUG - About to read 4 bytes from Kafka
2015-11-05 17:05:26,635 - kafka.conn - DEBUG - Read 4/4 bytes from Kafka
2015-11-05 17:05:26,635 - kafka.conn - DEBUG - About to read 4137 bytes from Kafka
2015-11-05 17:05:26,636 - kafka.conn - DEBUG - Read 4096/4137 bytes from Kafka
2015-11-05 17:05:26,636 - kafka.conn - DEBUG - Read 4137/4137 bytes from Kafka
2015-11-05 17:05:26,636 - kafka.client - DEBUG - Response 4: [FetchResponse(topic='product-1', partition=0, error=0, highwaterMark=34016, messages=<generator object _decode_message_set_iter at 0x1c0a9b0>)]
2015-11-05 17:05:31,621 - kafka.consumer - INFO - Committing new offsets for product-1, partitions [0]
2015-11-05 17:05:31,621 - kafka.consumer - DEBUG - Commit offset 1 in SimpleConsumer: group=my_group, topic=product-1, partition=0
2015-11-05 17:05:31,621 - kafka.client - DEBUG - Request 5 to BrokerMetadata(nodeId=0, host='ip-172-31-50-233.ec2.internal', port=9092): [OffsetCommitRequest(topic='product-1', partition=0, offset=1, metadata=None)]
2015-11-05 17:05:31,622 - kafka.conn - DEBUG - Reinitializing socket connection for ip-172-31-50-233.ec2.internal:9092
2015-11-05 17:05:31,623 - kafka.conn - DEBUG - About to send 69 bytes to Kafka, request 5
2015-11-05 17:05:31,624 - kafka.conn - DEBUG - Reading response 5 from Kafka
2015-11-05 17:05:31,624 - kafka.conn - DEBUG - About to read 4 bytes from Kafka
2015-11-05 17:05:31,628 - kafka.conn - DEBUG - Read 4/4 bytes from Kafka
2015-11-05 17:05:31,628 - kafka.conn - DEBUG - About to read 29 bytes from Kafka
2015-11-05 17:05:31,628 - kafka.conn - DEBUG - Read 29/29 bytes from Kafka
2015-11-05 17:05:31,628 - kafka.client - DEBUG - Response 5: [OffsetCommitResponse(topic='product-1', partition=0, error=0)]
