2015-11-08 07:43:39,077 - kafka.client - DEBUG - Request 1: []
2015-11-08 07:43:39,077 - kafka.conn - DEBUG - Reinitializing socket connection for localhost:9092
2015-11-08 07:43:39,099 - kafka.conn - DEBUG - About to send 30 bytes to Kafka, request 1
2015-11-08 07:43:39,099 - kafka.conn - DEBUG - Reading response 1 from Kafka
2015-11-08 07:43:39,099 - kafka.conn - DEBUG - About to read 4 bytes from Kafka
2015-11-08 07:43:39,100 - kafka.conn - DEBUG - Read 4/4 bytes from Kafka
2015-11-08 07:43:39,100 - kafka.conn - DEBUG - About to read 216 bytes from Kafka
2015-11-08 07:43:39,100 - kafka.conn - DEBUG - Read 216/216 bytes from Kafka
2015-11-08 07:43:39,100 - kafka.client - DEBUG - Response 1: MetadataResponse(brokers=[BrokerMetadata(nodeId=0, host='ip-172-31-50-233.ec2.internal', port=9092)], topics=[TopicMetadata(topic='my-topic', error=0, partitions=[PartitionMetadata(topic='my-topic', partition=0, leader=0, replicas=(0,), isr=(0,), error=0)]), TopicMetadata(topic='product-1', error=0, partitions=[PartitionMetadata(topic='product-1', partition=0, leader=0, replicas=(0,), isr=(0,), error=0)]), TopicMetadata(topic='raw_data', error=0, partitions=[PartitionMetadata(topic='raw_data', partition=0, leader=0, replicas=(0,), isr=(0,), error=0)]), TopicMetadata(topic='test', error=0, partitions=[PartitionMetadata(topic='test', partition=0, leader=0, replicas=(0,), isr=(0,), error=0)])])
2015-11-08 07:43:39,100 - kafka.client - INFO - Updating broker metadata: [BrokerMetadata(nodeId=0, host='ip-172-31-50-233.ec2.internal', port=9092)]
2015-11-08 07:43:39,100 - kafka.client - INFO - Updating topic metadata: [TopicMetadata(topic='my-topic', error=0, partitions=[PartitionMetadata(topic='my-topic', partition=0, leader=0, replicas=(0,), isr=(0,), error=0)]), TopicMetadata(topic='product-1', error=0, partitions=[PartitionMetadata(topic='product-1', partition=0, leader=0, replicas=(0,), isr=(0,), error=0)]), TopicMetadata(topic='raw_data', error=0, partitions=[PartitionMetadata(topic='raw_data', partition=0, leader=0, replicas=(0,), isr=(0,), error=0)]), TopicMetadata(topic='test', error=0, partitions=[PartitionMetadata(topic='test', partition=0, leader=0, replicas=(0,), isr=(0,), error=0)])]
2015-11-08 07:43:39,101 - kafka.client - DEBUG - Request 2: ['product-1']
2015-11-08 07:43:39,101 - kafka.conn - DEBUG - About to send 41 bytes to Kafka, request 2
2015-11-08 07:43:39,101 - kafka.conn - DEBUG - Reading response 2 from Kafka
2015-11-08 07:43:39,101 - kafka.conn - DEBUG - About to read 4 bytes from Kafka
2015-11-08 07:43:39,101 - kafka.conn - DEBUG - Read 4/4 bytes from Kafka
2015-11-08 07:43:39,103 - kafka.conn - DEBUG - About to read 94 bytes from Kafka
2015-11-08 07:43:39,103 - kafka.conn - DEBUG - Read 94/94 bytes from Kafka
2015-11-08 07:43:39,103 - kafka.client - DEBUG - Response 2: MetadataResponse(brokers=[BrokerMetadata(nodeId=0, host='ip-172-31-50-233.ec2.internal', port=9092)], topics=[TopicMetadata(topic='product-1', error=0, partitions=[PartitionMetadata(topic='product-1', partition=0, leader=0, replicas=(0,), isr=(0,), error=0)])])
2015-11-08 07:43:39,103 - kafka.client - INFO - Updating broker metadata: [BrokerMetadata(nodeId=0, host='ip-172-31-50-233.ec2.internal', port=9092)]
2015-11-08 07:43:39,103 - kafka.client - INFO - Updating topic metadata: [TopicMetadata(topic='product-1', error=0, partitions=[PartitionMetadata(topic='product-1', partition=0, leader=0, replicas=(0,), isr=(0,), error=0)])]
2015-11-08 07:43:39,117 - kafka.client - DEBUG - Request 3 to BrokerMetadata(nodeId=0, host='ip-172-31-50-233.ec2.internal', port=9092): [OffsetFetchRequest(topic='product-1', partition=0)]
2015-11-08 07:43:39,117 - kafka.conn - DEBUG - Reinitializing socket connection for ip-172-31-50-233.ec2.internal:9092
2015-11-08 07:43:39,119 - kafka.conn - DEBUG - About to send 52 bytes to Kafka, request 3
2015-11-08 07:43:39,120 - kafka.conn - DEBUG - Reading response 3 from Kafka
2015-11-08 07:43:39,120 - kafka.conn - DEBUG - About to read 4 bytes from Kafka
2015-11-08 07:43:39,121 - kafka.conn - DEBUG - Read 4/4 bytes from Kafka
2015-11-08 07:43:39,121 - kafka.conn - DEBUG - About to read 39 bytes from Kafka
2015-11-08 07:43:39,121 - kafka.conn - DEBUG - Read 39/39 bytes from Kafka
2015-11-08 07:43:39,121 - kafka.client - DEBUG - Response 3: [OffsetFetchResponse(topic='product-1', partition=0, offset=44516, metadata='', error=0)]
2015-11-08 07:43:39,121 - kafka.consumer.simple - DEBUG - internal queue empty, fetching more messages
2015-11-08 07:43:39,122 - kafka.client - DEBUG - Request 4 to BrokerMetadata(nodeId=0, host='ip-172-31-50-233.ec2.internal', port=9092): [FetchRequest(topic='product-1', partition=0, offset=44516, max_bytes=4096)]
2015-11-08 07:43:39,122 - kafka.conn - DEBUG - About to send 73 bytes to Kafka, request 4
2015-11-08 07:43:39,124 - kafka.conn - DEBUG - Reading response 4 from Kafka
2015-11-08 07:43:39,124 - kafka.conn - DEBUG - About to read 4 bytes from Kafka
2015-11-08 07:43:39,124 - kafka.conn - DEBUG - Read 4/4 bytes from Kafka
2015-11-08 07:43:39,124 - kafka.conn - DEBUG - About to read 4137 bytes from Kafka
2015-11-08 07:43:39,124 - kafka.conn - DEBUG - Read 4096/4137 bytes from Kafka
2015-11-08 07:43:39,124 - kafka.conn - DEBUG - Read 4137/4137 bytes from Kafka
2015-11-08 07:43:39,124 - kafka.client - DEBUG - Response 4: [FetchResponse(topic='product-1', partition=0, error=0, highwaterMark=45016, messages=<generator object _decode_message_set_iter at 0x259b9b0>)]
2015-11-08 07:43:39,576 - kafka.consumer.simple - DEBUG - internal queue empty, fetching more messages
2015-11-08 07:43:39,576 - kafka.client - DEBUG - Request 5 to BrokerMetadata(nodeId=0, host='ip-172-31-50-233.ec2.internal', port=9092): [FetchRequest(topic='product-1', partition=0, offset=44591, max_bytes=4096)]
2015-11-08 07:43:39,576 - kafka.conn - DEBUG - About to send 73 bytes to Kafka, request 5
2015-11-08 07:43:39,577 - kafka.conn - DEBUG - Reading response 5 from Kafka
2015-11-08 07:43:39,577 - kafka.conn - DEBUG - About to read 4 bytes from Kafka
2015-11-08 07:43:39,577 - kafka.conn - DEBUG - Read 4/4 bytes from Kafka
2015-11-08 07:43:39,577 - kafka.conn - DEBUG - About to read 4137 bytes from Kafka
2015-11-08 07:43:39,577 - kafka.conn - DEBUG - Read 4096/4137 bytes from Kafka
2015-11-08 07:43:39,577 - kafka.conn - DEBUG - Read 4137/4137 bytes from Kafka
2015-11-08 07:43:39,578 - kafka.client - DEBUG - Response 5: [FetchResponse(topic='product-1', partition=0, error=0, highwaterMark=45016, messages=<generator object _decode_message_set_iter at 0x259bf50>)]
2015-11-08 07:43:39,761 - kafka.consumer - INFO - Committing new offsets for product-1, partitions [0]
2015-11-08 07:43:39,790 - kafka.consumer - DEBUG - Commit offset 44616 in SimpleConsumer: group=e, topic=product-1, partition=0
2015-11-08 07:43:39,790 - kafka.client - DEBUG - Request 6 to BrokerMetadata(nodeId=0, host='ip-172-31-50-233.ec2.internal', port=9092): [OffsetCommitRequest(topic='product-1', partition=0, offset=44616, metadata=None)]
2015-11-08 07:43:39,791 - kafka.conn - DEBUG - About to send 62 bytes to Kafka, request 6
2015-11-08 07:43:39,793 - kafka.conn - DEBUG - Reading response 6 from Kafka
2015-11-08 07:43:39,793 - kafka.conn - DEBUG - About to read 4 bytes from Kafka
2015-11-08 07:43:39,795 - kafka.conn - DEBUG - Read 4/4 bytes from Kafka
2015-11-08 07:43:39,796 - kafka.conn - DEBUG - About to read 29 bytes from Kafka
2015-11-08 07:43:39,796 - kafka.conn - DEBUG - Read 29/29 bytes from Kafka
2015-11-08 07:43:39,796 - kafka.client - DEBUG - Response 6: [OffsetCommitResponse(topic='product-1', partition=0, error=0)]
2015-11-08 07:43:39,989 - kafka.consumer.simple - DEBUG - internal queue empty, fetching more messages
2015-11-08 07:43:39,989 - kafka.client - DEBUG - Request 7 to BrokerMetadata(nodeId=0, host='ip-172-31-50-233.ec2.internal', port=9092): [FetchRequest(topic='product-1', partition=0, offset=44666, max_bytes=4096)]
2015-11-08 07:43:39,989 - kafka.conn - DEBUG - About to send 73 bytes to Kafka, request 7
2015-11-08 07:43:39,989 - kafka.conn - DEBUG - Reading response 7 from Kafka
2015-11-08 07:43:39,990 - kafka.conn - DEBUG - About to read 4 bytes from Kafka
2015-11-08 07:43:39,990 - kafka.conn - DEBUG - Read 4/4 bytes from Kafka
2015-11-08 07:43:39,991 - kafka.conn - DEBUG - About to read 4137 bytes from Kafka
2015-11-08 07:43:39,991 - kafka.conn - DEBUG - Read 4096/4137 bytes from Kafka
2015-11-08 07:43:39,991 - kafka.conn - DEBUG - Read 4137/4137 bytes from Kafka
2015-11-08 07:43:39,991 - kafka.client - DEBUG - Response 7: [FetchResponse(topic='product-1', partition=0, error=0, highwaterMark=45016, messages=<generator object _decode_message_set_iter at 0x259ba00>)]
2015-11-08 07:43:40,259 - kafka.consumer - INFO - Committing new offsets for product-1, partitions [0]
2015-11-08 07:43:40,260 - kafka.consumer - DEBUG - Commit offset 44716 in SimpleConsumer: group=e, topic=product-1, partition=0
2015-11-08 07:43:40,260 - kafka.client - DEBUG - Request 8 to BrokerMetadata(nodeId=0, host='ip-172-31-50-233.ec2.internal', port=9092): [OffsetCommitRequest(topic='product-1', partition=0, offset=44716, metadata=None)]
2015-11-08 07:43:40,260 - kafka.conn - DEBUG - About to send 62 bytes to Kafka, request 8
2015-11-08 07:43:40,261 - kafka.conn - DEBUG - Reading response 8 from Kafka
2015-11-08 07:43:40,261 - kafka.conn - DEBUG - About to read 4 bytes from Kafka
2015-11-08 07:43:40,262 - kafka.conn - DEBUG - Read 4/4 bytes from Kafka
2015-11-08 07:43:40,262 - kafka.conn - DEBUG - About to read 29 bytes from Kafka
2015-11-08 07:43:40,263 - kafka.conn - DEBUG - Read 29/29 bytes from Kafka
2015-11-08 07:43:40,263 - kafka.client - DEBUG - Response 8: [OffsetCommitResponse(topic='product-1', partition=0, error=0)]
2015-11-08 07:43:40,565 - kafka.consumer.simple - DEBUG - internal queue empty, fetching more messages
2015-11-08 07:43:40,566 - kafka.client - DEBUG - Request 9 to BrokerMetadata(nodeId=0, host='ip-172-31-50-233.ec2.internal', port=9092): [FetchRequest(topic='product-1', partition=0, offset=44745, max_bytes=4096)]
2015-11-08 07:43:40,566 - kafka.conn - DEBUG - About to send 73 bytes to Kafka, request 9
2015-11-08 07:43:40,566 - kafka.conn - DEBUG - Reading response 9 from Kafka
2015-11-08 07:43:40,566 - kafka.conn - DEBUG - About to read 4 bytes from Kafka
2015-11-08 07:43:40,575 - kafka.conn - DEBUG - Read 4/4 bytes from Kafka
2015-11-08 07:43:40,576 - kafka.conn - DEBUG - About to read 4137 bytes from Kafka
2015-11-08 07:43:40,576 - kafka.conn - DEBUG - Read 4096/4137 bytes from Kafka
2015-11-08 07:43:40,576 - kafka.conn - DEBUG - Read 4137/4137 bytes from Kafka
2015-11-08 07:43:40,576 - kafka.client - DEBUG - Response 9: [FetchResponse(topic='product-1', partition=0, error=0, highwaterMark=45016, messages=<generator object _decode_message_set_iter at 0x259bfa0>)]
2015-11-08 07:43:40,957 - kafka.consumer - INFO - Committing new offsets for product-1, partitions [0]
2015-11-08 07:43:40,958 - kafka.consumer - DEBUG - Commit offset 44816 in SimpleConsumer: group=e, topic=product-1, partition=0
2015-11-08 07:43:40,958 - kafka.client - DEBUG - Request 10 to BrokerMetadata(nodeId=0, host='ip-172-31-50-233.ec2.internal', port=9092): [OffsetCommitRequest(topic='product-1', partition=0, offset=44816, metadata=None)]
2015-11-08 07:43:40,958 - kafka.conn - DEBUG - About to send 62 bytes to Kafka, request 10
2015-11-08 07:43:40,959 - kafka.conn - DEBUG - Reading response 10 from Kafka
2015-11-08 07:43:40,959 - kafka.conn - DEBUG - About to read 4 bytes from Kafka
2015-11-08 07:43:40,961 - kafka.conn - DEBUG - Read 4/4 bytes from Kafka
2015-11-08 07:43:40,961 - kafka.conn - DEBUG - About to read 29 bytes from Kafka
2015-11-08 07:43:40,961 - kafka.conn - DEBUG - Read 29/29 bytes from Kafka
2015-11-08 07:43:40,961 - kafka.client - DEBUG - Response 10: [OffsetCommitResponse(topic='product-1', partition=0, error=0)]
2015-11-08 07:43:41,005 - kafka.consumer.simple - DEBUG - internal queue empty, fetching more messages
2015-11-08 07:43:41,005 - kafka.client - DEBUG - Request 11 to BrokerMetadata(nodeId=0, host='ip-172-31-50-233.ec2.internal', port=9092): [FetchRequest(topic='product-1', partition=0, offset=44827, max_bytes=4096)]
2015-11-08 07:43:41,005 - kafka.conn - DEBUG - About to send 73 bytes to Kafka, request 11
2015-11-08 07:43:41,006 - kafka.conn - DEBUG - Reading response 11 from Kafka
2015-11-08 07:43:41,006 - kafka.conn - DEBUG - About to read 4 bytes from Kafka
2015-11-08 07:43:41,006 - kafka.conn - DEBUG - Read 4/4 bytes from Kafka
2015-11-08 07:43:41,007 - kafka.conn - DEBUG - About to read 4137 bytes from Kafka
2015-11-08 07:43:41,007 - kafka.conn - DEBUG - Read 4096/4137 bytes from Kafka
2015-11-08 07:43:41,007 - kafka.conn - DEBUG - Read 4137/4137 bytes from Kafka
2015-11-08 07:43:41,007 - kafka.client - DEBUG - Response 11: [FetchResponse(topic='product-1', partition=0, error=0, highwaterMark=45016, messages=<generator object _decode_message_set_iter at 0x259ba00>)]
2015-11-08 07:43:41,275 - kafka.consumer.simple - DEBUG - internal queue empty, fetching more messages
2015-11-08 07:43:41,275 - kafka.client - DEBUG - Request 12 to BrokerMetadata(nodeId=0, host='ip-172-31-50-233.ec2.internal', port=9092): [FetchRequest(topic='product-1', partition=0, offset=44902, max_bytes=4096)]
2015-11-08 07:43:41,275 - kafka.conn - DEBUG - About to send 73 bytes to Kafka, request 12
2015-11-08 07:43:41,276 - kafka.conn - DEBUG - Reading response 12 from Kafka
2015-11-08 07:43:41,276 - kafka.conn - DEBUG - About to read 4 bytes from Kafka
2015-11-08 07:43:41,276 - kafka.conn - DEBUG - Read 4/4 bytes from Kafka
2015-11-08 07:43:41,276 - kafka.conn - DEBUG - About to read 4137 bytes from Kafka
2015-11-08 07:43:41,276 - kafka.conn - DEBUG - Read 4096/4137 bytes from Kafka
2015-11-08 07:43:41,276 - kafka.conn - DEBUG - Read 4137/4137 bytes from Kafka
2015-11-08 07:43:41,276 - kafka.client - DEBUG - Response 12: [FetchResponse(topic='product-1', partition=0, error=0, highwaterMark=45016, messages=<generator object _decode_message_set_iter at 0x259b960>)]
2015-11-08 07:43:41,353 - kafka.consumer - INFO - Committing new offsets for product-1, partitions [0]
2015-11-08 07:43:41,353 - kafka.consumer - DEBUG - Commit offset 44916 in SimpleConsumer: group=e, topic=product-1, partition=0
2015-11-08 07:43:41,353 - kafka.client - DEBUG - Request 13 to BrokerMetadata(nodeId=0, host='ip-172-31-50-233.ec2.internal', port=9092): [OffsetCommitRequest(topic='product-1', partition=0, offset=44916, metadata=None)]
2015-11-08 07:43:41,353 - kafka.conn - DEBUG - About to send 62 bytes to Kafka, request 13
2015-11-08 07:43:41,354 - kafka.conn - DEBUG - Reading response 13 from Kafka
2015-11-08 07:43:41,354 - kafka.conn - DEBUG - About to read 4 bytes from Kafka
2015-11-08 07:43:41,365 - kafka.conn - DEBUG - Read 4/4 bytes from Kafka
2015-11-08 07:43:41,366 - kafka.conn - DEBUG - About to read 29 bytes from Kafka
2015-11-08 07:43:41,366 - kafka.conn - DEBUG - Read 29/29 bytes from Kafka
2015-11-08 07:43:41,366 - kafka.client - DEBUG - Response 13: [OffsetCommitResponse(topic='product-1', partition=0, error=0)]
2015-11-08 07:43:41,676 - kafka.consumer.simple - DEBUG - internal queue empty, fetching more messages
2015-11-08 07:43:41,676 - kafka.client - DEBUG - Request 14 to BrokerMetadata(nodeId=0, host='ip-172-31-50-233.ec2.internal', port=9092): [FetchRequest(topic='product-1', partition=0, offset=44976, max_bytes=4096)]
2015-11-08 07:43:41,677 - kafka.conn - DEBUG - About to send 73 bytes to Kafka, request 14
2015-11-08 07:43:41,677 - kafka.conn - DEBUG - Reading response 14 from Kafka
2015-11-08 07:43:41,677 - kafka.conn - DEBUG - About to read 4 bytes from Kafka
2015-11-08 07:43:41,677 - kafka.conn - DEBUG - Read 4/4 bytes from Kafka
2015-11-08 07:43:41,678 - kafka.conn - DEBUG - About to read 2023 bytes from Kafka
2015-11-08 07:43:41,678 - kafka.conn - DEBUG - Read 2023/2023 bytes from Kafka
2015-11-08 07:43:41,678 - kafka.client - DEBUG - Response 14: [FetchResponse(topic='product-1', partition=0, error=0, highwaterMark=45016, messages=<generator object _decode_message_set_iter at 0x259ba00>)]
2015-11-08 07:43:41,860 - kafka.consumer - INFO - Committing new offsets for product-1, partitions [0]
2015-11-08 07:43:41,860 - kafka.consumer - DEBUG - Commit offset 45016 in SimpleConsumer: group=e, topic=product-1, partition=0
2015-11-08 07:43:41,860 - kafka.client - DEBUG - Request 15 to BrokerMetadata(nodeId=0, host='ip-172-31-50-233.ec2.internal', port=9092): [OffsetCommitRequest(topic='product-1', partition=0, offset=45016, metadata=None)]
2015-11-08 07:43:41,860 - kafka.conn - DEBUG - About to send 62 bytes to Kafka, request 15
2015-11-08 07:43:41,861 - kafka.conn - DEBUG - Reading response 15 from Kafka
2015-11-08 07:43:41,861 - kafka.conn - DEBUG - About to read 4 bytes from Kafka
2015-11-08 07:43:41,863 - kafka.conn - DEBUG - Read 4/4 bytes from Kafka
2015-11-08 07:43:41,863 - kafka.conn - DEBUG - About to read 29 bytes from Kafka
2015-11-08 07:43:41,863 - kafka.conn - DEBUG - Read 29/29 bytes from Kafka
2015-11-08 07:43:41,863 - kafka.client - DEBUG - Response 15: [OffsetCommitResponse(topic='product-1', partition=0, error=0)]
2015-11-08 07:43:41,874 - kafka.consumer.simple - DEBUG - internal queue empty, fetching more messages
2015-11-08 07:43:41,874 - kafka.client - DEBUG - Request 16 to BrokerMetadata(nodeId=0, host='ip-172-31-50-233.ec2.internal', port=9092): [FetchRequest(topic='product-1', partition=0, offset=45016, max_bytes=4096)]
2015-11-08 07:43:41,875 - kafka.conn - DEBUG - About to send 73 bytes to Kafka, request 16
2015-11-08 07:43:41,875 - kafka.conn - DEBUG - Reading response 16 from Kafka
2015-11-08 07:43:41,875 - kafka.conn - DEBUG - About to read 4 bytes from Kafka
