2015-11-05 17:01:44,675 - kafka.client - DEBUG - Request 1: []
2015-11-05 17:01:44,675 - kafka.conn - DEBUG - Reinitializing socket connection for localhost:9092
2015-11-05 17:01:44,766 - kafka.conn - DEBUG - About to send 30 bytes to Kafka, request 1
2015-11-05 17:01:44,767 - kafka.conn - DEBUG - Reading response 1 from Kafka
2015-11-05 17:01:44,767 - kafka.conn - DEBUG - About to read 4 bytes from Kafka
2015-11-05 17:01:44,767 - kafka.conn - DEBUG - Read 4/4 bytes from Kafka
2015-11-05 17:01:44,767 - kafka.conn - DEBUG - About to read 174 bytes from Kafka
2015-11-05 17:01:44,767 - kafka.conn - DEBUG - Read 174/174 bytes from Kafka
2015-11-05 17:01:44,767 - kafka.client - DEBUG - Response 1: MetadataResponse(brokers=[BrokerMetadata(nodeId=0, host='ip-172-31-50-233.ec2.internal', port=9092)], topics=[TopicMetadata(topic='my-topic', error=0, partitions=[PartitionMetadata(topic='my-topic', partition=0, leader=0, replicas=(0,), isr=(0,), error=0)]), TopicMetadata(topic='product-1', error=0, partitions=[PartitionMetadata(topic='product-1', partition=0, leader=0, replicas=(0,), isr=(0,), error=0)]), TopicMetadata(topic='test', error=0, partitions=[PartitionMetadata(topic='test', partition=0, leader=0, replicas=(0,), isr=(0,), error=0)])])
2015-11-05 17:01:44,767 - kafka.client - INFO - Updating broker metadata: [BrokerMetadata(nodeId=0, host='ip-172-31-50-233.ec2.internal', port=9092)]
2015-11-05 17:01:44,768 - kafka.client - INFO - Updating topic metadata: [TopicMetadata(topic='my-topic', error=0, partitions=[PartitionMetadata(topic='my-topic', partition=0, leader=0, replicas=(0,), isr=(0,), error=0)]), TopicMetadata(topic='product-1', error=0, partitions=[PartitionMetadata(topic='product-1', partition=0, leader=0, replicas=(0,), isr=(0,), error=0)]), TopicMetadata(topic='test', error=0, partitions=[PartitionMetadata(topic='test', partition=0, leader=0, replicas=(0,), isr=(0,), error=0)])]
2015-11-05 17:01:44,772 - kafka.client - DEBUG - Request 2: ['raw_data']
2015-11-05 17:01:44,772 - kafka.conn - DEBUG - About to send 40 bytes to Kafka, request 2
2015-11-05 17:01:44,782 - kafka.conn - DEBUG - Reading response 2 from Kafka
2015-11-05 17:01:44,783 - kafka.conn - DEBUG - About to read 4 bytes from Kafka
2015-11-05 17:01:44,798 - kafka.conn - DEBUG - Read 4/4 bytes from Kafka
2015-11-05 17:01:44,798 - kafka.conn - DEBUG - About to read 67 bytes from Kafka
2015-11-05 17:01:44,798 - kafka.conn - DEBUG - Read 67/67 bytes from Kafka
2015-11-05 17:01:44,798 - kafka.client - DEBUG - Response 2: MetadataResponse(brokers=[BrokerMetadata(nodeId=0, host='ip-172-31-50-233.ec2.internal', port=9092)], topics=[TopicMetadata(topic='raw_data', error=5, partitions=[])])
2015-11-05 17:01:44,798 - kafka.client - INFO - Updating broker metadata: [BrokerMetadata(nodeId=0, host='ip-172-31-50-233.ec2.internal', port=9092)]
2015-11-05 17:01:44,798 - kafka.client - INFO - Updating topic metadata: [TopicMetadata(topic='raw_data', error=5, partitions=[])]
2015-11-05 17:01:44,799 - streamparse.storm.component - ERROR - Exception in Messages.run()
Traceback (most recent call last):
  File "/usr/lib/python2.7/site-packages/streamparse/storm/component.py", line 487, in run
    self.initialize(storm_conf, context)
  File "spouts/messages.py", line 12, in initialize
    self.messages = iter(SimpleConsumer(kafka, 'product-1', 'raw_data'));
  File "/usr/lib/python2.7/site-packages/kafka/consumer/simple.py", line 126, in __init__
    auto_commit_every_t=auto_commit_every_t)
  File "/usr/lib/python2.7/site-packages/kafka/consumer/base.py", line 51, in __init__
    self.client.load_metadata_for_topics(topic)
  File "/usr/lib/python2.7/site-packages/kafka/client.py", line 378, in load_metadata_for_topics
    kafka.common.check_error(topic_metadata)
  File "/usr/lib/python2.7/site-packages/kafka/common.py", line 233, in check_error
    raise error_class(response)
LeaderNotAvailableError: TopicMetadata(topic='raw_data', error=5, partitions=[])
