2015-11-05 19:42:46,208 - kafka.client - DEBUG - Request 1: []
2015-11-05 19:42:46,208 - kafka.conn - DEBUG - Reinitializing socket connection for localhost:9092
2015-11-05 19:42:46,219 - kafka.conn - DEBUG - About to send 30 bytes to Kafka, request 1
2015-11-05 19:42:46,229 - kafka.conn - DEBUG - Reading response 1 from Kafka
2015-11-05 19:42:46,229 - kafka.conn - DEBUG - About to read 4 bytes from Kafka
2015-11-05 19:42:46,229 - kafka.conn - DEBUG - Read 4/4 bytes from Kafka
2015-11-05 19:42:46,229 - kafka.conn - DEBUG - About to read 216 bytes from Kafka
2015-11-05 19:42:46,229 - kafka.conn - DEBUG - Read 216/216 bytes from Kafka
2015-11-05 19:42:46,230 - kafka.client - DEBUG - Response 1: MetadataResponse(brokers=[BrokerMetadata(nodeId=0, host='ip-172-31-50-233.ec2.internal', port=9092)], topics=[TopicMetadata(topic='my-topic', error=0, partitions=[PartitionMetadata(topic='my-topic', partition=0, leader=0, replicas=(0,), isr=(0,), error=0)]), TopicMetadata(topic='product-1', error=0, partitions=[PartitionMetadata(topic='product-1', partition=0, leader=0, replicas=(0,), isr=(0,), error=0)]), TopicMetadata(topic='raw_data', error=0, partitions=[PartitionMetadata(topic='raw_data', partition=0, leader=0, replicas=(0,), isr=(0,), error=0)]), TopicMetadata(topic='test', error=0, partitions=[PartitionMetadata(topic='test', partition=0, leader=0, replicas=(0,), isr=(0,), error=0)])])
2015-11-05 19:42:46,230 - kafka.client - INFO - Updating broker metadata: [BrokerMetadata(nodeId=0, host='ip-172-31-50-233.ec2.internal', port=9092)]
2015-11-05 19:42:46,230 - kafka.client - INFO - Updating topic metadata: [TopicMetadata(topic='my-topic', error=0, partitions=[PartitionMetadata(topic='my-topic', partition=0, leader=0, replicas=(0,), isr=(0,), error=0)]), TopicMetadata(topic='product-1', error=0, partitions=[PartitionMetadata(topic='product-1', partition=0, leader=0, replicas=(0,), isr=(0,), error=0)]), TopicMetadata(topic='raw_data', error=0, partitions=[PartitionMetadata(topic='raw_data', partition=0, leader=0, replicas=(0,), isr=(0,), error=0)]), TopicMetadata(topic='test', error=0, partitions=[PartitionMetadata(topic='test', partition=0, leader=0, replicas=(0,), isr=(0,), error=0)])]
2015-11-05 19:42:46,230 - kafka.client - DEBUG - Request 2: ['product-1']
2015-11-05 19:42:46,230 - kafka.conn - DEBUG - About to send 41 bytes to Kafka, request 2
2015-11-05 19:42:46,231 - kafka.conn - DEBUG - Reading response 2 from Kafka
2015-11-05 19:42:46,231 - kafka.conn - DEBUG - About to read 4 bytes from Kafka
2015-11-05 19:42:46,231 - kafka.conn - DEBUG - Read 4/4 bytes from Kafka
2015-11-05 19:42:46,231 - kafka.conn - DEBUG - About to read 94 bytes from Kafka
2015-11-05 19:42:46,231 - kafka.conn - DEBUG - Read 94/94 bytes from Kafka
2015-11-05 19:42:46,231 - kafka.client - DEBUG - Response 2: MetadataResponse(brokers=[BrokerMetadata(nodeId=0, host='ip-172-31-50-233.ec2.internal', port=9092)], topics=[TopicMetadata(topic='product-1', error=0, partitions=[PartitionMetadata(topic='product-1', partition=0, leader=0, replicas=(0,), isr=(0,), error=0)])])
2015-11-05 19:42:46,231 - kafka.client - INFO - Updating broker metadata: [BrokerMetadata(nodeId=0, host='ip-172-31-50-233.ec2.internal', port=9092)]
2015-11-05 19:42:46,232 - kafka.client - INFO - Updating topic metadata: [TopicMetadata(topic='product-1', error=0, partitions=[PartitionMetadata(topic='product-1', partition=0, leader=0, replicas=(0,), isr=(0,), error=0)])]
2015-11-05 19:42:46,232 - kafka.client - DEBUG - Request 3 to BrokerMetadata(nodeId=0, host='ip-172-31-50-233.ec2.internal', port=9092): [OffsetFetchRequest(topic='product-1', partition=0)]
2015-11-05 19:42:46,232 - kafka.conn - DEBUG - Reinitializing socket connection for ip-172-31-50-233.ec2.internal:9092
2015-11-05 19:42:46,235 - kafka.conn - DEBUG - About to send 52 bytes to Kafka, request 3
2015-11-05 19:42:46,235 - kafka.conn - DEBUG - Reading response 3 from Kafka
2015-11-05 19:42:46,235 - kafka.conn - DEBUG - About to read 4 bytes from Kafka
2015-11-05 19:42:46,236 - kafka.conn - DEBUG - Read 4/4 bytes from Kafka
2015-11-05 19:42:46,236 - kafka.conn - DEBUG - About to read 39 bytes from Kafka
2015-11-05 19:42:46,236 - kafka.conn - DEBUG - Read 39/39 bytes from Kafka
2015-11-05 19:42:46,236 - kafka.client - DEBUG - Response 3: [OffsetFetchResponse(topic='product-1', partition=0, offset=40636, metadata='', error=0)]
2015-11-05 19:42:46,574 - streamparse.storm.component - ERROR - Received EOF while trying to read stdin from Storm, pipe appears to be broken, exiting.
