2015-11-05 16:24:14,443 - kafka.client - DEBUG - Request 1: []
2015-11-05 16:24:14,443 - kafka.conn - DEBUG - Reinitializing socket connection for localhost:9092
2015-11-05 16:24:14,520 - kafka.conn - DEBUG - About to send 38 bytes to Kafka, request 1
2015-11-05 16:24:14,521 - kafka.conn - DEBUG - Reading response 1 from Kafka
2015-11-05 16:24:14,521 - kafka.conn - DEBUG - About to read 4 bytes from Kafka
2015-11-05 16:24:14,521 - kafka.conn - DEBUG - Read 4/4 bytes from Kafka
2015-11-05 16:24:14,521 - kafka.conn - DEBUG - About to read 174 bytes from Kafka
2015-11-05 16:24:14,521 - kafka.conn - DEBUG - Read 174/174 bytes from Kafka
2015-11-05 16:24:14,521 - kafka.client - DEBUG - Response 1: MetadataResponse(brokers=[BrokerMetadata(nodeId=0, host='ip-172-31-50-233.ec2.internal', port=9092)], topics=[TopicMetadata(topic='my-topic', error=0, partitions=[PartitionMetadata(topic='my-topic', partition=0, leader=0, replicas=(0,), isr=(0,), error=0)]), TopicMetadata(topic='product-1', error=0, partitions=[PartitionMetadata(topic='product-1', partition=0, leader=0, replicas=(0,), isr=(0,), error=0)]), TopicMetadata(topic='test', error=0, partitions=[PartitionMetadata(topic='test', partition=0, leader=0, replicas=(0,), isr=(0,), error=0)])])
2015-11-05 16:24:14,522 - kafka.client - INFO - Updating broker metadata: [BrokerMetadata(nodeId=0, host='ip-172-31-50-233.ec2.internal', port=9092)]
2015-11-05 16:24:14,522 - kafka.client - INFO - Updating topic metadata: [TopicMetadata(topic='my-topic', error=0, partitions=[PartitionMetadata(topic='my-topic', partition=0, leader=0, replicas=(0,), isr=(0,), error=0)]), TopicMetadata(topic='product-1', error=0, partitions=[PartitionMetadata(topic='product-1', partition=0, leader=0, replicas=(0,), isr=(0,), error=0)]), TopicMetadata(topic='test', error=0, partitions=[PartitionMetadata(topic='test', partition=0, leader=0, replicas=(0,), isr=(0,), error=0)])]
2015-11-05 16:24:14,522 - kafka.client - DEBUG - Request 2: []
2015-11-05 16:24:14,522 - kafka.conn - DEBUG - About to send 38 bytes to Kafka, request 2
2015-11-05 16:24:14,533 - kafka.conn - DEBUG - Reading response 2 from Kafka
2015-11-05 16:24:14,534 - kafka.conn - DEBUG - About to read 4 bytes from Kafka
2015-11-05 16:24:14,534 - kafka.conn - DEBUG - Read 4/4 bytes from Kafka
2015-11-05 16:24:14,534 - kafka.conn - DEBUG - About to read 174 bytes from Kafka
2015-11-05 16:24:14,534 - kafka.conn - DEBUG - Read 174/174 bytes from Kafka
2015-11-05 16:24:14,534 - kafka.client - DEBUG - Response 2: MetadataResponse(brokers=[BrokerMetadata(nodeId=0, host='ip-172-31-50-233.ec2.internal', port=9092)], topics=[TopicMetadata(topic='my-topic', error=0, partitions=[PartitionMetadata(topic='my-topic', partition=0, leader=0, replicas=(0,), isr=(0,), error=0)]), TopicMetadata(topic='product-1', error=0, partitions=[PartitionMetadata(topic='product-1', partition=0, leader=0, replicas=(0,), isr=(0,), error=0)]), TopicMetadata(topic='test', error=0, partitions=[PartitionMetadata(topic='test', partition=0, leader=0, replicas=(0,), isr=(0,), error=0)])])
2015-11-05 16:24:14,534 - kafka.client - INFO - Updating broker metadata: [BrokerMetadata(nodeId=0, host='ip-172-31-50-233.ec2.internal', port=9092)]
2015-11-05 16:24:14,534 - kafka.client - INFO - Updating topic metadata: [TopicMetadata(topic='my-topic', error=0, partitions=[PartitionMetadata(topic='my-topic', partition=0, leader=0, replicas=(0,), isr=(0,), error=0)]), TopicMetadata(topic='product-1', error=0, partitions=[PartitionMetadata(topic='product-1', partition=0, leader=0, replicas=(0,), isr=(0,), error=0)]), TopicMetadata(topic='test', error=0, partitions=[PartitionMetadata(topic='test', partition=0, leader=0, replicas=(0,), isr=(0,), error=0)])]
2015-11-05 16:24:14,535 - kafka.consumer.kafka - INFO - Configuring consumer to fetch topic 'product-1', partition 0
2015-11-05 16:24:14,535 - kafka.consumer.kafka - INFO - Consumer fetching stored offsets
2015-11-05 16:24:14,536 - kafka.client - DEBUG - Request 3 to BrokerMetadata(nodeId=0, host='ip-172-31-50-233.ec2.internal', port=9092): [OffsetFetchRequest(topic='product-1', partition=0)]
2015-11-05 16:24:14,536 - kafka.conn - DEBUG - Reinitializing socket connection for ip-172-31-50-233.ec2.internal:9092
2015-11-05 16:24:14,539 - kafka.conn - DEBUG - About to send 67 bytes to Kafka, request 3
2015-11-05 16:24:14,541 - kafka.conn - DEBUG - Reading response 3 from Kafka
2015-11-05 16:24:14,541 - kafka.conn - DEBUG - About to read 4 bytes from Kafka
2015-11-05 16:24:14,541 - kafka.conn - DEBUG - Read 4/4 bytes from Kafka
2015-11-05 16:24:14,541 - kafka.conn - DEBUG - About to read 39 bytes from Kafka
2015-11-05 16:24:14,541 - kafka.conn - DEBUG - Read 39/39 bytes from Kafka
2015-11-05 16:24:14,541 - kafka.client - DEBUG - Response 3: [OffsetFetchResponse(topic='product-1', partition=0, offset=-1, metadata='', error=3)]
2015-11-05 16:24:14,541 - kafka.client - DEBUG - Request 4 to BrokerMetadata(nodeId=0, host='ip-172-31-50-233.ec2.internal', port=9092): [OffsetRequest(topic='product-1', partition=0, time=-1, max_offsets=1)]
2015-11-05 16:24:14,631 - kafka.conn - DEBUG - About to send 73 bytes to Kafka, request 4
2015-11-05 16:24:14,632 - kafka.conn - DEBUG - Reading response 4 from Kafka
2015-11-05 16:24:14,632 - kafka.conn - DEBUG - About to read 4 bytes from Kafka
2015-11-05 16:24:14,632 - kafka.conn - DEBUG - Read 4/4 bytes from Kafka
2015-11-05 16:24:14,632 - kafka.conn - DEBUG - About to read 41 bytes from Kafka
2015-11-05 16:24:14,632 - kafka.conn - DEBUG - Read 41/41 bytes from Kafka
2015-11-05 16:24:14,633 - kafka.client - DEBUG - Response 4: [OffsetResponse(topic='product-1', partition=0, error=0, offsets=(32516,))]
2015-11-05 16:24:14,633 - kafka.client - DEBUG - Request 5 to BrokerMetadata(nodeId=0, host='ip-172-31-50-233.ec2.internal', port=9092): [FetchRequest(topic='product-1', partition=0, offset=32516, max_bytes=1048576)]
2015-11-05 16:24:14,633 - kafka.conn - DEBUG - About to send 81 bytes to Kafka, request 5
2015-11-05 16:24:14,649 - kafka.conn - DEBUG - Reading response 5 from Kafka
2015-11-05 16:24:14,649 - kafka.conn - DEBUG - About to read 4 bytes from Kafka
2015-11-05 16:24:14,735 - kafka.conn - DEBUG - Read 4/4 bytes from Kafka
2015-11-05 16:24:14,735 - kafka.conn - DEBUG - About to read 41 bytes from Kafka
2015-11-05 16:24:14,735 - kafka.conn - DEBUG - Read 41/41 bytes from Kafka
2015-11-05 16:24:14,735 - kafka.client - DEBUG - Response 5: [FetchResponse(topic='product-1', partition=0, error=0, highwaterMark=32516, messages=<generator object _decode_message_set_iter at 0x1351a00>)]
2015-11-05 16:24:14,735 - kafka.client - DEBUG - Request 6 to BrokerMetadata(nodeId=0, host='ip-172-31-50-233.ec2.internal', port=9092): [FetchRequest(topic='product-1', partition=0, offset=32516, max_bytes=1048576)]
2015-11-05 16:24:14,735 - kafka.conn - DEBUG - About to send 81 bytes to Kafka, request 6
2015-11-05 16:24:14,736 - kafka.conn - DEBUG - Reading response 6 from Kafka
2015-11-05 16:24:14,736 - kafka.conn - DEBUG - About to read 4 bytes from Kafka
2015-11-05 16:24:15,222 - kafka.conn - DEBUG - Read 4/4 bytes from Kafka
2015-11-05 16:24:15,253 - kafka.conn - DEBUG - About to read 41 bytes from Kafka
2015-11-05 16:24:15,254 - kafka.conn - DEBUG - Read 41/41 bytes from Kafka
2015-11-05 16:24:15,254 - kafka.client - DEBUG - Response 6: [FetchResponse(topic='product-1', partition=0, error=0, highwaterMark=32516, messages=<generator object _decode_message_set_iter at 0x13519b0>)]
2015-11-05 16:24:15,254 - kafka.client - DEBUG - Request 7 to BrokerMetadata(nodeId=0, host='ip-172-31-50-233.ec2.internal', port=9092): [FetchRequest(topic='product-1', partition=0, offset=32516, max_bytes=1048576)]
2015-11-05 16:24:15,254 - kafka.conn - DEBUG - About to send 81 bytes to Kafka, request 7
2015-11-05 16:24:15,254 - kafka.conn - DEBUG - Reading response 7 from Kafka
2015-11-05 16:24:15,255 - kafka.conn - DEBUG - About to read 4 bytes from Kafka
2015-11-05 16:24:15,328 - kafka.conn - DEBUG - Read 4/4 bytes from Kafka
2015-11-05 16:24:15,328 - kafka.conn - DEBUG - About to read 99 bytes from Kafka
2015-11-05 16:24:15,328 - kafka.conn - DEBUG - Read 99/99 bytes from Kafka
2015-11-05 16:24:15,329 - kafka.client - DEBUG - Response 7: [FetchResponse(topic='product-1', partition=0, error=0, highwaterMark=32517, messages=<generator object _decode_message_set_iter at 0x1351a00>)]
