2015-11-06 21:21:38,185 - kafka.client - DEBUG - Request 1: []
2015-11-06 21:21:38,185 - kafka.conn - DEBUG - Reinitializing socket connection for localhost:9092
2015-11-06 21:21:38,204 - kafka.conn - DEBUG - About to send 30 bytes to Kafka, request 1
2015-11-06 21:21:38,212 - kafka.conn - DEBUG - Reading response 1 from Kafka
2015-11-06 21:21:38,213 - kafka.conn - DEBUG - About to read 4 bytes from Kafka
2015-11-06 21:21:38,229 - kafka.conn - DEBUG - Read 4/4 bytes from Kafka
2015-11-06 21:21:38,229 - kafka.conn - DEBUG - About to read 216 bytes from Kafka
2015-11-06 21:21:38,229 - kafka.conn - DEBUG - Read 216/216 bytes from Kafka
2015-11-06 21:21:38,229 - kafka.client - DEBUG - Response 1: MetadataResponse(brokers=[BrokerMetadata(nodeId=0, host='ip-172-31-50-233.ec2.internal', port=9092)], topics=[TopicMetadata(topic='my-topic', error=0, partitions=[PartitionMetadata(topic='my-topic', partition=0, leader=0, replicas=(0,), isr=(0,), error=0)]), TopicMetadata(topic='product-1', error=0, partitions=[PartitionMetadata(topic='product-1', partition=0, leader=0, replicas=(0,), isr=(0,), error=0)]), TopicMetadata(topic='raw_data', error=0, partitions=[PartitionMetadata(topic='raw_data', partition=0, leader=0, replicas=(0,), isr=(0,), error=0)]), TopicMetadata(topic='test', error=0, partitions=[PartitionMetadata(topic='test', partition=0, leader=0, replicas=(0,), isr=(0,), error=0)])])
2015-11-06 21:21:38,230 - kafka.client - INFO - Updating broker metadata: [BrokerMetadata(nodeId=0, host='ip-172-31-50-233.ec2.internal', port=9092)]
2015-11-06 21:21:38,230 - kafka.client - INFO - Updating topic metadata: [TopicMetadata(topic='my-topic', error=0, partitions=[PartitionMetadata(topic='my-topic', partition=0, leader=0, replicas=(0,), isr=(0,), error=0)]), TopicMetadata(topic='product-1', error=0, partitions=[PartitionMetadata(topic='product-1', partition=0, leader=0, replicas=(0,), isr=(0,), error=0)]), TopicMetadata(topic='raw_data', error=0, partitions=[PartitionMetadata(topic='raw_data', partition=0, leader=0, replicas=(0,), isr=(0,), error=0)]), TopicMetadata(topic='test', error=0, partitions=[PartitionMetadata(topic='test', partition=0, leader=0, replicas=(0,), isr=(0,), error=0)])]
2015-11-06 21:21:38,230 - kafka.client - DEBUG - Request 2: ['product-1']
2015-11-06 21:21:38,230 - kafka.conn - DEBUG - About to send 41 bytes to Kafka, request 2
2015-11-06 21:21:38,230 - kafka.conn - DEBUG - Reading response 2 from Kafka
2015-11-06 21:21:38,231 - kafka.conn - DEBUG - About to read 4 bytes from Kafka
2015-11-06 21:21:38,231 - kafka.conn - DEBUG - Read 4/4 bytes from Kafka
2015-11-06 21:21:38,231 - kafka.conn - DEBUG - About to read 94 bytes from Kafka
2015-11-06 21:21:38,231 - kafka.conn - DEBUG - Read 94/94 bytes from Kafka
2015-11-06 21:21:38,231 - kafka.client - DEBUG - Response 2: MetadataResponse(brokers=[BrokerMetadata(nodeId=0, host='ip-172-31-50-233.ec2.internal', port=9092)], topics=[TopicMetadata(topic='product-1', error=0, partitions=[PartitionMetadata(topic='product-1', partition=0, leader=0, replicas=(0,), isr=(0,), error=0)])])
2015-11-06 21:21:38,231 - kafka.client - INFO - Updating broker metadata: [BrokerMetadata(nodeId=0, host='ip-172-31-50-233.ec2.internal', port=9092)]
2015-11-06 21:21:38,231 - kafka.client - INFO - Updating topic metadata: [TopicMetadata(topic='product-1', error=0, partitions=[PartitionMetadata(topic='product-1', partition=0, leader=0, replicas=(0,), isr=(0,), error=0)])]
2015-11-06 21:21:38,232 - kafka.client - DEBUG - Request 3 to BrokerMetadata(nodeId=0, host='ip-172-31-50-233.ec2.internal', port=9092): [OffsetFetchRequest(topic='product-1', partition=0)]
2015-11-06 21:21:38,232 - kafka.conn - DEBUG - Reinitializing socket connection for ip-172-31-50-233.ec2.internal:9092
2015-11-06 21:21:38,233 - kafka.conn - DEBUG - About to send 52 bytes to Kafka, request 3
2015-11-06 21:21:38,233 - kafka.conn - DEBUG - Reading response 3 from Kafka
2015-11-06 21:21:38,233 - kafka.conn - DEBUG - About to read 4 bytes from Kafka
2015-11-06 21:21:38,234 - kafka.conn - DEBUG - Read 4/4 bytes from Kafka
2015-11-06 21:21:38,234 - kafka.conn - DEBUG - About to read 39 bytes from Kafka
2015-11-06 21:21:38,235 - kafka.conn - DEBUG - Read 39/39 bytes from Kafka
2015-11-06 21:21:38,235 - kafka.client - DEBUG - Response 3: [OffsetFetchResponse(topic='product-1', partition=0, offset=44016, metadata='', error=0)]
2015-11-06 21:21:38,235 - kafka.consumer.simple - DEBUG - internal queue empty, fetching more messages
2015-11-06 21:21:38,235 - kafka.client - DEBUG - Request 4 to BrokerMetadata(nodeId=0, host='ip-172-31-50-233.ec2.internal', port=9092): [FetchRequest(topic='product-1', partition=0, offset=44016, max_bytes=4096)]
2015-11-06 21:21:38,235 - kafka.conn - DEBUG - About to send 73 bytes to Kafka, request 4
2015-11-06 21:21:38,236 - kafka.conn - DEBUG - Reading response 4 from Kafka
2015-11-06 21:21:38,236 - kafka.conn - DEBUG - About to read 4 bytes from Kafka
2015-11-06 21:21:38,236 - kafka.conn - DEBUG - Read 4/4 bytes from Kafka
2015-11-06 21:21:38,236 - kafka.conn - DEBUG - About to read 4137 bytes from Kafka
2015-11-06 21:21:38,236 - kafka.conn - DEBUG - Read 4096/4137 bytes from Kafka
2015-11-06 21:21:38,236 - kafka.conn - DEBUG - Read 4137/4137 bytes from Kafka
2015-11-06 21:21:38,261 - kafka.client - DEBUG - Response 4: [FetchResponse(topic='product-1', partition=0, error=0, highwaterMark=44516, messages=<generator object _decode_message_set_iter at 0x10f69b0>)]
2015-11-06 21:21:38,494 - kafka.consumer.simple - DEBUG - internal queue empty, fetching more messages
2015-11-06 21:21:38,494 - kafka.client - DEBUG - Request 5 to BrokerMetadata(nodeId=0, host='ip-172-31-50-233.ec2.internal', port=9092): [FetchRequest(topic='product-1', partition=0, offset=44095, max_bytes=4096)]
2015-11-06 21:21:38,494 - kafka.conn - DEBUG - About to send 73 bytes to Kafka, request 5
2015-11-06 21:21:38,495 - kafka.conn - DEBUG - Reading response 5 from Kafka
2015-11-06 21:21:38,495 - kafka.conn - DEBUG - About to read 4 bytes from Kafka
2015-11-06 21:21:38,495 - kafka.conn - DEBUG - Read 4/4 bytes from Kafka
2015-11-06 21:21:38,495 - kafka.conn - DEBUG - About to read 4137 bytes from Kafka
2015-11-06 21:21:38,495 - kafka.conn - DEBUG - Read 4096/4137 bytes from Kafka
2015-11-06 21:21:38,495 - kafka.conn - DEBUG - Read 4137/4137 bytes from Kafka
2015-11-06 21:21:38,495 - kafka.client - DEBUG - Response 5: [FetchResponse(topic='product-1', partition=0, error=0, highwaterMark=44516, messages=<generator object _decode_message_set_iter at 0x10f6f50>)]
2015-11-06 21:21:38,766 - kafka.consumer - INFO - Committing new offsets for product-1, partitions [0]
2015-11-06 21:21:38,766 - kafka.consumer - DEBUG - Commit offset 44116 in SimpleConsumer: group=e, topic=product-1, partition=0
2015-11-06 21:21:38,766 - kafka.client - DEBUG - Request 6 to BrokerMetadata(nodeId=0, host='ip-172-31-50-233.ec2.internal', port=9092): [OffsetCommitRequest(topic='product-1', partition=0, offset=44116, metadata=None)]
2015-11-06 21:21:38,766 - kafka.conn - DEBUG - About to send 62 bytes to Kafka, request 6
2015-11-06 21:21:38,766 - kafka.conn - DEBUG - Reading response 6 from Kafka
2015-11-06 21:21:38,766 - kafka.conn - DEBUG - About to read 4 bytes from Kafka
2015-11-06 21:21:38,815 - kafka.conn - DEBUG - Read 4/4 bytes from Kafka
2015-11-06 21:21:38,815 - kafka.conn - DEBUG - About to read 29 bytes from Kafka
2015-11-06 21:21:38,815 - kafka.conn - DEBUG - Read 29/29 bytes from Kafka
2015-11-06 21:21:38,815 - kafka.client - DEBUG - Response 6: [OffsetCommitResponse(topic='product-1', partition=0, error=0)]
2015-11-06 21:21:39,108 - kafka.consumer.simple - DEBUG - internal queue empty, fetching more messages
2015-11-06 21:21:39,108 - kafka.client - DEBUG - Request 7 to BrokerMetadata(nodeId=0, host='ip-172-31-50-233.ec2.internal', port=9092): [FetchRequest(topic='product-1', partition=0, offset=44175, max_bytes=4096)]
2015-11-06 21:21:39,109 - kafka.conn - DEBUG - About to send 73 bytes to Kafka, request 7
2015-11-06 21:21:39,109 - kafka.conn - DEBUG - Reading response 7 from Kafka
2015-11-06 21:21:39,109 - kafka.conn - DEBUG - About to read 4 bytes from Kafka
2015-11-06 21:21:39,109 - kafka.conn - DEBUG - Read 4/4 bytes from Kafka
2015-11-06 21:21:39,110 - kafka.conn - DEBUG - About to read 4137 bytes from Kafka
2015-11-06 21:21:39,110 - kafka.conn - DEBUG - Read 4096/4137 bytes from Kafka
2015-11-06 21:21:39,110 - kafka.conn - DEBUG - Read 4137/4137 bytes from Kafka
2015-11-06 21:21:39,110 - kafka.client - DEBUG - Response 7: [FetchResponse(topic='product-1', partition=0, error=0, highwaterMark=44516, messages=<generator object _decode_message_set_iter at 0x10f69b0>)]
2015-11-06 21:21:39,290 - kafka.consumer - INFO - Committing new offsets for product-1, partitions [0]
2015-11-06 21:21:39,290 - kafka.consumer - DEBUG - Commit offset 44216 in SimpleConsumer: group=e, topic=product-1, partition=0
2015-11-06 21:21:39,291 - kafka.client - DEBUG - Request 8 to BrokerMetadata(nodeId=0, host='ip-172-31-50-233.ec2.internal', port=9092): [OffsetCommitRequest(topic='product-1', partition=0, offset=44216, metadata=None)]
2015-11-06 21:21:39,291 - kafka.conn - DEBUG - About to send 62 bytes to Kafka, request 8
2015-11-06 21:21:39,291 - kafka.conn - DEBUG - Reading response 8 from Kafka
2015-11-06 21:21:39,291 - kafka.conn - DEBUG - About to read 4 bytes from Kafka
2015-11-06 21:21:39,293 - kafka.conn - DEBUG - Read 4/4 bytes from Kafka
2015-11-06 21:21:39,293 - kafka.conn - DEBUG - About to read 29 bytes from Kafka
2015-11-06 21:21:39,293 - kafka.conn - DEBUG - Read 29/29 bytes from Kafka
2015-11-06 21:21:39,293 - kafka.client - DEBUG - Response 8: [OffsetCommitResponse(topic='product-1', partition=0, error=0)]
2015-11-06 21:21:39,445 - kafka.consumer.simple - DEBUG - internal queue empty, fetching more messages
2015-11-06 21:21:39,445 - kafka.client - DEBUG - Request 9 to BrokerMetadata(nodeId=0, host='ip-172-31-50-233.ec2.internal', port=9092): [FetchRequest(topic='product-1', partition=0, offset=44256, max_bytes=4096)]
2015-11-06 21:21:39,445 - kafka.conn - DEBUG - About to send 73 bytes to Kafka, request 9
2015-11-06 21:21:39,446 - kafka.conn - DEBUG - Reading response 9 from Kafka
2015-11-06 21:21:39,446 - kafka.conn - DEBUG - About to read 4 bytes from Kafka
2015-11-06 21:21:39,446 - kafka.conn - DEBUG - Read 4/4 bytes from Kafka
2015-11-06 21:21:39,446 - kafka.conn - DEBUG - About to read 4137 bytes from Kafka
2015-11-06 21:21:39,446 - kafka.conn - DEBUG - Read 4096/4137 bytes from Kafka
2015-11-06 21:21:39,446 - kafka.conn - DEBUG - Read 4137/4137 bytes from Kafka
2015-11-06 21:21:39,446 - kafka.client - DEBUG - Response 9: [FetchResponse(topic='product-1', partition=0, error=0, highwaterMark=44516, messages=<generator object _decode_message_set_iter at 0x10f6f00>)]
2015-11-06 21:21:39,638 - kafka.consumer - INFO - Committing new offsets for product-1, partitions [0]
2015-11-06 21:21:39,638 - kafka.consumer - DEBUG - Commit offset 44316 in SimpleConsumer: group=e, topic=product-1, partition=0
2015-11-06 21:21:39,680 - kafka.client - DEBUG - Request 10 to BrokerMetadata(nodeId=0, host='ip-172-31-50-233.ec2.internal', port=9092): [OffsetCommitRequest(topic='product-1', partition=0, offset=44316, metadata=None)]
2015-11-06 21:21:39,680 - kafka.conn - DEBUG - About to send 62 bytes to Kafka, request 10
2015-11-06 21:21:39,681 - kafka.conn - DEBUG - Reading response 10 from Kafka
2015-11-06 21:21:39,681 - kafka.conn - DEBUG - About to read 4 bytes from Kafka
2015-11-06 21:21:39,685 - kafka.conn - DEBUG - Read 4/4 bytes from Kafka
2015-11-06 21:21:39,686 - kafka.conn - DEBUG - About to read 29 bytes from Kafka
2015-11-06 21:21:39,686 - kafka.conn - DEBUG - Read 29/29 bytes from Kafka
2015-11-06 21:21:39,686 - kafka.client - DEBUG - Response 10: [OffsetCommitResponse(topic='product-1', partition=0, error=0)]
2015-11-06 21:21:39,794 - kafka.consumer.simple - DEBUG - internal queue empty, fetching more messages
2015-11-06 21:21:39,795 - kafka.client - DEBUG - Request 11 to BrokerMetadata(nodeId=0, host='ip-172-31-50-233.ec2.internal', port=9092): [FetchRequest(topic='product-1', partition=0, offset=44335, max_bytes=4096)]
2015-11-06 21:21:39,795 - kafka.conn - DEBUG - About to send 73 bytes to Kafka, request 11
2015-11-06 21:21:39,804 - kafka.conn - DEBUG - Reading response 11 from Kafka
2015-11-06 21:21:39,805 - kafka.conn - DEBUG - About to read 4 bytes from Kafka
2015-11-06 21:21:39,805 - kafka.conn - DEBUG - Read 4/4 bytes from Kafka
2015-11-06 21:21:39,805 - kafka.conn - DEBUG - About to read 4137 bytes from Kafka
2015-11-06 21:21:39,805 - kafka.conn - DEBUG - Read 4096/4137 bytes from Kafka
2015-11-06 21:21:39,805 - kafka.conn - DEBUG - Read 4137/4137 bytes from Kafka
2015-11-06 21:21:39,805 - kafka.client - DEBUG - Response 11: [FetchResponse(topic='product-1', partition=0, error=0, highwaterMark=44516, messages=<generator object _decode_message_set_iter at 0x10f69b0>)]
2015-11-06 21:21:40,279 - kafka.consumer - INFO - Committing new offsets for product-1, partitions [0]
2015-11-06 21:21:40,279 - kafka.consumer - DEBUG - Commit offset 44416 in SimpleConsumer: group=e, topic=product-1, partition=0
2015-11-06 21:21:40,279 - kafka.client - DEBUG - Request 12 to BrokerMetadata(nodeId=0, host='ip-172-31-50-233.ec2.internal', port=9092): [OffsetCommitRequest(topic='product-1', partition=0, offset=44416, metadata=None)]
2015-11-06 21:21:40,280 - kafka.conn - DEBUG - About to send 62 bytes to Kafka, request 12
2015-11-06 21:21:40,280 - kafka.conn - DEBUG - Reading response 12 from Kafka
2015-11-06 21:21:40,280 - kafka.conn - DEBUG - About to read 4 bytes from Kafka
2015-11-06 21:21:40,282 - kafka.conn - DEBUG - Read 4/4 bytes from Kafka
2015-11-06 21:21:40,282 - kafka.conn - DEBUG - About to read 29 bytes from Kafka
2015-11-06 21:21:40,282 - kafka.conn - DEBUG - Read 29/29 bytes from Kafka
2015-11-06 21:21:40,282 - kafka.client - DEBUG - Response 12: [OffsetCommitResponse(topic='product-1', partition=0, error=0)]
2015-11-06 21:21:40,328 - kafka.consumer.simple - DEBUG - internal queue empty, fetching more messages
2015-11-06 21:21:40,328 - kafka.client - DEBUG - Request 13 to BrokerMetadata(nodeId=0, host='ip-172-31-50-233.ec2.internal', port=9092): [FetchRequest(topic='product-1', partition=0, offset=44418, max_bytes=4096)]
2015-11-06 21:21:40,328 - kafka.conn - DEBUG - About to send 73 bytes to Kafka, request 13
2015-11-06 21:21:40,329 - kafka.conn - DEBUG - Reading response 13 from Kafka
2015-11-06 21:21:40,329 - kafka.conn - DEBUG - About to read 4 bytes from Kafka
2015-11-06 21:21:40,329 - kafka.conn - DEBUG - Read 4/4 bytes from Kafka
2015-11-06 21:21:40,329 - kafka.conn - DEBUG - About to read 4137 bytes from Kafka
2015-11-06 21:21:40,329 - kafka.conn - DEBUG - Read 4096/4137 bytes from Kafka
2015-11-06 21:21:40,329 - kafka.conn - DEBUG - Read 4137/4137 bytes from Kafka
2015-11-06 21:21:40,330 - kafka.client - DEBUG - Response 13: [FetchResponse(topic='product-1', partition=0, error=0, highwaterMark=44516, messages=<generator object _decode_message_set_iter at 0x10f6f00>)]
2015-11-06 21:21:40,783 - kafka.consumer.simple - DEBUG - internal queue empty, fetching more messages
2015-11-06 21:21:40,784 - kafka.client - DEBUG - Request 14 to BrokerMetadata(nodeId=0, host='ip-172-31-50-233.ec2.internal', port=9092): [FetchRequest(topic='product-1', partition=0, offset=44492, max_bytes=4096)]
2015-11-06 21:21:40,784 - kafka.conn - DEBUG - About to send 73 bytes to Kafka, request 14
2015-11-06 21:21:40,793 - kafka.conn - DEBUG - Reading response 14 from Kafka
2015-11-06 21:21:40,793 - kafka.conn - DEBUG - About to read 4 bytes from Kafka
2015-11-06 21:21:40,793 - kafka.conn - DEBUG - Read 4/4 bytes from Kafka
2015-11-06 21:21:40,793 - kafka.conn - DEBUG - About to read 1290 bytes from Kafka
2015-11-06 21:21:40,793 - kafka.conn - DEBUG - Read 41/1290 bytes from Kafka
2015-11-06 21:21:40,816 - kafka.conn - DEBUG - Read 1290/1290 bytes from Kafka
2015-11-06 21:21:40,816 - kafka.client - DEBUG - Response 14: [FetchResponse(topic='product-1', partition=0, error=0, highwaterMark=44516, messages=<generator object _decode_message_set_iter at 0x10f69b0>)]
2015-11-06 21:21:40,954 - kafka.consumer - INFO - Committing new offsets for product-1, partitions [0]
2015-11-06 21:21:40,954 - kafka.consumer - DEBUG - Commit offset 44516 in SimpleConsumer: group=e, topic=product-1, partition=0
2015-11-06 21:21:40,954 - kafka.client - DEBUG - Request 15 to BrokerMetadata(nodeId=0, host='ip-172-31-50-233.ec2.internal', port=9092): [OffsetCommitRequest(topic='product-1', partition=0, offset=44516, metadata=None)]
2015-11-06 21:21:40,954 - kafka.conn - DEBUG - About to send 62 bytes to Kafka, request 15
2015-11-06 21:21:40,954 - kafka.conn - DEBUG - Reading response 15 from Kafka
2015-11-06 21:21:40,955 - kafka.conn - DEBUG - About to read 4 bytes from Kafka
2015-11-06 21:21:40,956 - kafka.conn - DEBUG - Read 4/4 bytes from Kafka
2015-11-06 21:21:40,956 - kafka.conn - DEBUG - About to read 29 bytes from Kafka
2015-11-06 21:21:40,957 - kafka.conn - DEBUG - Read 29/29 bytes from Kafka
2015-11-06 21:21:40,957 - kafka.client - DEBUG - Response 15: [OffsetCommitResponse(topic='product-1', partition=0, error=0)]
2015-11-06 21:21:40,958 - kafka.consumer.simple - DEBUG - internal queue empty, fetching more messages
2015-11-06 21:21:40,958 - kafka.client - DEBUG - Request 16 to BrokerMetadata(nodeId=0, host='ip-172-31-50-233.ec2.internal', port=9092): [FetchRequest(topic='product-1', partition=0, offset=44516, max_bytes=4096)]
2015-11-06 21:21:40,958 - kafka.conn - DEBUG - About to send 73 bytes to Kafka, request 16
2015-11-06 21:21:40,958 - kafka.conn - DEBUG - Reading response 16 from Kafka
2015-11-06 21:21:40,958 - kafka.conn - DEBUG - About to read 4 bytes from Kafka
2015-11-06 21:22:41,401 - kafka.conn - DEBUG - Read 4/4 bytes from Kafka
2015-11-06 21:22:41,401 - kafka.conn - DEBUG - About to read 41 bytes from Kafka
2015-11-06 21:22:41,401 - kafka.conn - DEBUG - Read 41/41 bytes from Kafka
2015-11-06 21:22:41,402 - kafka.client - DEBUG - Response 16: [FetchResponse(topic='product-1', partition=0, error=0, highwaterMark=44516, messages=<generator object _decode_message_set_iter at 0x10f6f50>)]
2015-11-06 21:22:41,402 - kafka.consumer.simple - DEBUG - internal queue empty after fetch - returning None
2015-11-06 21:22:41,505 - kafka.consumer.simple - DEBUG - internal queue empty, fetching more messages
2015-11-06 21:22:41,505 - kafka.client - DEBUG - Request 17 to BrokerMetadata(nodeId=0, host='ip-172-31-50-233.ec2.internal', port=9092): [FetchRequest(topic='product-1', partition=0, offset=44516, max_bytes=4096)]
2015-11-06 21:22:41,506 - kafka.conn - DEBUG - About to send 73 bytes to Kafka, request 17
2015-11-06 21:22:41,506 - kafka.conn - DEBUG - Reading response 17 from Kafka
2015-11-06 21:22:41,506 - kafka.conn - DEBUG - About to read 4 bytes from Kafka
